SUPPRESSION D'UTILISATEUR POTENTIELLEMENT EXISTANT

Utilisateur supprimé.

*************** Creation utilisateur ***************

Utilisateur créé.


Utilisateur modifié.


Utilisateur modifié.


Autorisation de privilèges (GRANT) acceptée.


Autorisation de privilèges (GRANT) acceptée.

***************************************************************************************************
Connecté.

Autorisation de privilèges (GRANT) acceptée.

Connecté.
DROP TABLE Administrateur CASCADE CONSTRAINTS
           *
ERREUR à la ligne 1 :
ORA-00942: Table ou vue inexistante


DROP TABLE Agence CASCADE CONSTRAINTS
           *
ERREUR à la ligne 1 :
ORA-00942: Table ou vue inexistante


DROP TABLE Agent CASCADE CONSTRAINTS
           *
ERREUR à la ligne 1 :
ORA-00942: Table ou vue inexistante


DROP TABLE Annonce CASCADE CONSTRAINTS
           *
ERREUR à la ligne 1 :
ORA-00942: Table ou vue inexistante


DROP TABLE Besoin CASCADE CONSTRAINTS
           *
ERREUR à la ligne 1 :
ORA-00942: Table ou vue inexistante


DROP TABLE Categorie_Linge CASCADE CONSTRAINTS
           *
ERREUR à la ligne 1 :
ORA-00942: Table ou vue inexistante


DROP TABLE Categorie_Service CASCADE CONSTRAINTS
           *
ERREUR à la ligne 1 :
ORA-00942: Table ou vue inexistante


DROP TABLE Client CASCADE CONSTRAINTS
           *
ERREUR à la ligne 1 :
ORA-00942: Table ou vue inexistante


DROP TABLE Commande CASCADE CONSTRAINTS
           *
ERREUR à la ligne 1 :
ORA-00942: Table ou vue inexistante


DROP TABLE Details_Besoin CASCADE CONSTRAINTS
           *
ERREUR à la ligne 1 :
ORA-00942: Table ou vue inexistante


DROP TABLE Linge CASCADE CONSTRAINTS
           *
ERREUR à la ligne 1 :
ORA-00942: Table ou vue inexistante


DROP TABLE Linge_Agence CASCADE CONSTRAINTS
           *
ERREUR à la ligne 1 :
ORA-00942: Table ou vue inexistante


DROP TABLE Message CASCADE CONSTRAINTS
           *
ERREUR à la ligne 1 :
ORA-00942: Table ou vue inexistante


DROP TABLE Offre CASCADE CONSTRAINTS
           *
ERREUR à la ligne 1 :
ORA-00942: Table ou vue inexistante


DROP TABLE Pays CASCADE CONSTRAINTS
           *
ERREUR à la ligne 1 :
ORA-00942: Table ou vue inexistante


DROP TABLE Pressing CASCADE CONSTRAINTS
           *
ERREUR à la ligne 1 :
ORA-00942: Table ou vue inexistante


DROP TABLE Promotion CASCADE CONSTRAINTS
           *
ERREUR à la ligne 1 :
ORA-00942: Table ou vue inexistante


DROP TABLE Proprietaire CASCADE CONSTRAINTS
           *
ERREUR à la ligne 1 :
ORA-00942: Table ou vue inexistante


DROP TABLE Quartier CASCADE CONSTRAINTS
           *
ERREUR à la ligne 1 :
ORA-00942: Table ou vue inexistante


DROP TABLE Role CASCADE CONSTRAINTS
           *
ERREUR à la ligne 1 :
ORA-00942: Table ou vue inexistante


DROP TABLE Service CASCADE CONSTRAINTS
           *
ERREUR à la ligne 1 :
ORA-00942: Table ou vue inexistante


DROP TABLE Service_Agence CASCADE CONSTRAINTS
           *
ERREUR à la ligne 1 :
ORA-00942: Table ou vue inexistante


DROP TABLE Type_Linge CASCADE CONSTRAINTS
           *
ERREUR à la ligne 1 :
ORA-00942: Table ou vue inexistante


DROP TABLE Type_Service CASCADE CONSTRAINTS
           *
ERREUR à la ligne 1 :
ORA-00942: Table ou vue inexistante


DROP TABLE Utilisateur CASCADE CONSTRAINTS
           *
ERREUR à la ligne 1 :
ORA-00942: Table ou vue inexistante


DROP TABLE Ville CASCADE CONSTRAINTS
           *
ERREUR à la ligne 1 :
ORA-00942: Table ou vue inexistante


CREATION DES TABLES
Administrateur

Table créée.

Agence

Table créée.

Agent

Table créée.

Annonce

Table créée.

Besoin

Table créée.

Categorie_Linge

Table créée.

Categorie_Service

Table créée.

Client

Table créée.

Commande

Table créée.

Details_Besoin

Table créée.

Linge_Agence

Table créée.

Linge

Table créée.

Message

Table créée.

Offre

Table créée.

Pays

Table créée.

Pressing

Table créée.

Promotion

Table créée.

Proprietaire

Table créée.

Quartier

Table créée.

Role

Table créée.

Service_Agence

Table créée.

Service

Table créée.

Type_Linge

Table créée.

Type_Service

Table créée.

Utilisateur

Table créée.

Ville

Table créée.

CREATION DES DIFFERENTES CONTRAINTES
CREATION DES CONTRAINTES DE VALEURS OBLIGATOIRES

Table modifiée.


Table modifiée.


Table modifiée.


Table modifiée.


Table modifiée.


Table modifiée.


Table modifiée.


Table modifiée.


Table modifiée.


Table modifiée.


Table modifiée.


Table modifiée.


Table modifiée.


Table modifiée.


Table modifiée.


Table modifiée.


Table modifiée.


Table modifiée.


Table modifiée.


Table modifiée.


Table modifiée.


Table modifiée.


Table modifiée.


Table modifiée.


Table modifiée.


Table modifiée.

CREATION DES CONTRAINTES DE VALEURS UNIQUES

Table modifiée.


Table modifiée.


Table modifiée.


Table modifiée.


Table modifiée.


Table modifiée.


Table modifiée.


Table modifiée.


Table modifiée.


Table modifiée.

CREATION DES CONTRAINTES DES VALEURS DE DOMAINE

Table modifiée.


Table modifiée.

CREATION DES CONTRAINTES DE CLES PRIMAIRES

Table modifiée.


Table modifiée.


Table modifiée.


Table modifiée.


Table modifiée.


Table modifiée.


Table modifiée.


Table modifiée.


Table modifiée.


Table modifiée.


Table modifiée.


Table modifiée.


Table modifiée.


Table modifiée.


Table modifiée.


Table modifiée.


Table modifiée.


Table modifiée.


Table modifiée.


Table modifiée.


Table modifiée.


Table modifiée.


Table modifiée.


Table modifiée.


Table modifiée.


Table modifiée.

CREATION DES CONTRAINTES DE CLES ETRANGERES

Table modifiée.


Table modifiée.


Table modifiée.


Table modifiée.


Table modifiée.


Table modifiée.


Table modifiée.


Table modifiée.


Table modifiée.


Table modifiée.


Table modifiée.


Table modifiée.


Table modifiée.


Table modifiée.


Table modifiée.


Table modifiée.


Table modifiée.


Table modifiée.

DROP SEQUENCE seq_agence
              *
ERREUR à la ligne 1 :
ORA-02289: la séquence n'existe pas


DROP SEQUENCE seq_annonce
              *
ERREUR à la ligne 1 :
ORA-02289: la séquence n'existe pas


DROP SEQUENCE seq_besoin
              *
ERREUR à la ligne 1 :
ORA-02289: la séquence n'existe pas


DROP SEQUENCE seq_categorie_linge
              *
ERREUR à la ligne 1 :
ORA-02289: la séquence n'existe pas


DROP SEQUENCE seq_categorie_service
              *
ERREUR à la ligne 1 :
ORA-02289: la séquence n'existe pas


DROP SEQUENCE seq_commande
              *
ERREUR à la ligne 1 :
ORA-02289: la séquence n'existe pas


DROP SEQUENCE seq_pays
              *
ERREUR à la ligne 1 :
ORA-02289: la séquence n'existe pas


DROP SEQUENCE seq_pressing
              *
ERREUR à la ligne 1 :
ORA-02289: la séquence n'existe pas


DROP SEQUENCE seq_promotion
              *
ERREUR à la ligne 1 :
ORA-02289: la séquence n'existe pas


DROP SEQUENCE seq_quartier
              *
ERREUR à la ligne 1 :
ORA-02289: la séquence n'existe pas


DROP SEQUENCE seq_role
              *
ERREUR à la ligne 1 :
ORA-02289: la séquence n'existe pas


DROP SEQUENCE seq_type_linge
              *
ERREUR à la ligne 1 :
ORA-02289: la séquence n'existe pas


DROP SEQUENCE seq_type_service
              *
ERREUR à la ligne 1 :
ORA-02289: la séquence n'existe pas


DROP SEQUENCE seq_utilisateur
              *
ERREUR à la ligne 1 :
ORA-02289: la séquence n'existe pas


DROP SEQUENCE seq_ville
              *
ERREUR à la ligne 1 :
ORA-02289: la séquence n'existe pas


CREATION DES OBJETS SEQUENCES DE TOUTES LES TABLES ELEMENTAIRES

Séquence créée.


Séquence créée.


Séquence créée.


Séquence créée.


Séquence créée.


Séquence créée.


Séquence créée.


Séquence créée.


Séquence créée.


Séquence créée.


Séquence créée.


Séquence créée.


Séquence créée.


Séquence créée.


Séquence créée.

INSERTION DES DONNEES STATIQUES
de la table utilisateur

1 ligne créée.


1 ligne créée.


1 ligne créée.


1 ligne créée.


1 ligne créée.


1 ligne créée.


1 ligne créée.


1 ligne créée.


1 ligne créée.


1 ligne créée.


1 ligne créée.


1 ligne créée.


1 ligne créée.


1 ligne créée.


1 ligne créée.


1 ligne créée.


1 ligne créée.


1 ligne créée.

de la table administtrateur

1 ligne créée.

de la table proprietaire

1 ligne créée.


1 ligne créée.


1 ligne créée.

de la table pressing

1 ligne créée.


1 ligne créée.


1 ligne créée.


1 ligne créée.


1 ligne créée.


1 ligne créée.


1 ligne créée.

de la table pays

1 ligne créée.

de la table ville

1 ligne créée.


1 ligne créée.


1 ligne créée.


1 ligne créée.


1 ligne créée.


1 ligne créée.


1 ligne créée.


1 ligne créée.


1 ligne créée.


1 ligne créée.

de la table quartier

1 ligne créée.


1 ligne créée.


1 ligne créée.


1 ligne créée.


1 ligne créée.


1 ligne créée.


1 ligne créée.


1 ligne créée.


1 ligne créée.


1 ligne créée.

de la table role

1 ligne créée.


1 ligne créée.


1 ligne créée.


1 ligne créée.

de la table agence

1 ligne créée.


1 ligne créée.


1 ligne créée.


1 ligne créée.


1 ligne créée.


1 ligne créée.


1 ligne créée.


1 ligne créée.


1 ligne créée.


1 ligne créée.

de la table agent

1 ligne créée.


1 ligne créée.


1 ligne créée.


1 ligne créée.


1 ligne créée.


1 ligne créée.


1 ligne créée.


1 ligne créée.

de la table type_linge

1 ligne créée.


1 ligne créée.


1 ligne créée.


1 ligne créée.


1 ligne créée.


1 ligne créée.


1 ligne créée.


1 ligne créée.


1 ligne créée.


1 ligne créée.


1 ligne créée.


1 ligne créée.


1 ligne créée.


1 ligne créée.


1 ligne créée.


1 ligne créée.


1 ligne créée.


1 ligne créée.


1 ligne créée.


1 ligne créée.


1 ligne créée.


1 ligne créée.


1 ligne créée.


1 ligne créée.


1 ligne créée.


1 ligne créée.


1 ligne créée.


1 ligne créée.


1 ligne créée.


1 ligne créée.


1 ligne créée.


1 ligne créée.


1 ligne créée.


1 ligne créée.


1 ligne créée.


1 ligne créée.


1 ligne créée.


1 ligne créée.

de la table categorie_linge

1 ligne créée.


1 ligne créée.


1 ligne créée.


1 ligne créée.


1 ligne créée.


1 ligne créée.


1 ligne créée.


1 ligne créée.


1 ligne créée.


1 ligne créée.


1 ligne créée.


1 ligne créée.


1 ligne créée.


1 ligne créée.


1 ligne créée.


1 ligne créée.


1 ligne créée.


1 ligne créée.


1 ligne créée.


1 ligne créée.


1 ligne créée.


1 ligne créée.


1 ligne créée.


1 ligne créée.


1 ligne créée.


1 ligne créée.


1 ligne créée.


1 ligne créée.


1 ligne créée.


1 ligne créée.


1 ligne créée.

de la table linge

1 ligne créée.


1 ligne créée.


1 ligne créée.


1 ligne créée.


1 ligne créée.


1 ligne créée.


1 ligne créée.


1 ligne créée.


1 ligne créée.


1 ligne créée.


1 ligne créée.


1 ligne créée.


1 ligne créée.


1 ligne créée.


1 ligne créée.


1 ligne créée.


1 ligne créée.


1 ligne créée.


1 ligne créée.


1 ligne créée.


1 ligne créée.


1 ligne créée.


1 ligne créée.


1 ligne créée.


1 ligne créée.


1 ligne créée.


1 ligne créée.


1 ligne créée.


1 ligne créée.


1 ligne créée.


1 ligne créée.


1 ligne créée.


1 ligne créée.


1 ligne créée.


1 ligne créée.


1 ligne créée.


1 ligne créée.


1 ligne créée.


1 ligne créée.


1 ligne créée.


1 ligne créée.


1 ligne créée.


1 ligne créée.


1 ligne créée.


1 ligne créée.


1 ligne créée.


1 ligne créée.


1 ligne créée.


1 ligne créée.


1 ligne créée.


1 ligne créée.


1 ligne créée.


1 ligne créée.


1 ligne créée.


1 ligne créée.


1 ligne créée.


1 ligne créée.


1 ligne créée.


1 ligne créée.


1 ligne créée.


1 ligne créée.


1 ligne créée.


1 ligne créée.


1 ligne créée.


1 ligne créée.


1 ligne créée.


1 ligne créée.


1 ligne créée.


1 ligne créée.


1 ligne créée.


1 ligne créée.


1 ligne créée.


1 ligne créée.


1 ligne créée.


1 ligne créée.


1 ligne créée.


1 ligne créée.


1 ligne créée.


1 ligne créée.


1 ligne créée.


1 ligne créée.


1 ligne créée.


1 ligne créée.


1 ligne créée.


1 ligne créée.


1 ligne créée.


1 ligne créée.


1 ligne créée.


1 ligne créée.


1 ligne créée.


1 ligne créée.


1 ligne créée.


1 ligne créée.


1 ligne créée.


1 ligne créée.


1 ligne créée.


1 ligne créée.


1 ligne créée.


1 ligne créée.


1 ligne créée.


1 ligne créée.


1 ligne créée.


1 ligne créée.


1 ligne créée.


1 ligne créée.


1 ligne créée.

de la table type_Service

1 ligne créée.


1 ligne créée.


1 ligne créée.


1 ligne créée.


1 ligne créée.


1 ligne créée.


1 ligne créée.


1 ligne créée.


1 ligne créée.


1 ligne créée.

de la table Categorie_Service

1 ligne créée.


1 ligne créée.


1 ligne créée.


1 ligne créée.


1 ligne créée.


1 ligne créée.


1 ligne créée.


1 ligne créée.


1 ligne créée.

de la table service

1 ligne créée.


1 ligne créée.


1 ligne créée.


1 ligne créée.


1 ligne créée.


1 ligne créée.


1 ligne créée.


1 ligne créée.


1 ligne créée.


1 ligne créée.


1 ligne créée.


1 ligne créée.


1 ligne créée.


1 ligne créée.


1 ligne créée.


1 ligne créée.


1 ligne créée.


1 ligne créée.


1 ligne créée.

de la table Linge_Agence

1 ligne créée.


1 ligne créée.


1 ligne créée.


1 ligne créée.


1 ligne créée.


1 ligne créée.


1 ligne créée.


1 ligne créée.


1 ligne créée.


1 ligne créée.


1 ligne créée.


1 ligne créée.


1 ligne créée.


1 ligne créée.


1 ligne créée.


1 ligne créée.


1 ligne créée.


1 ligne créée.


1 ligne créée.


1 ligne créée.


1 ligne créée.


1 ligne créée.


1 ligne créée.


1 ligne créée.


1 ligne créée.


1 ligne créée.


1 ligne créée.


1 ligne créée.


1 ligne créée.


1 ligne créée.


1 ligne créée.


1 ligne créée.


1 ligne créée.


1 ligne créée.


1 ligne créée.


1 ligne créée.


1 ligne créée.


1 ligne créée.


1 ligne créée.


1 ligne créée.


1 ligne créée.


1 ligne créée.


1 ligne créée.


1 ligne créée.


1 ligne créée.


1 ligne créée.


1 ligne créée.


1 ligne créée.


1 ligne créée.


1 ligne créée.


1 ligne créée.


1 ligne créée.


1 ligne créée.


1 ligne créée.


1 ligne créée.


1 ligne créée.


1 ligne créée.


1 ligne créée.


1 ligne créée.


1 ligne créée.


1 ligne créée.


1 ligne créée.


1 ligne créée.


1 ligne créée.


1 ligne créée.


1 ligne créée.


1 ligne créée.


1 ligne créée.


1 ligne créée.


1 ligne créée.


1 ligne créée.


1 ligne créée.


1 ligne créée.


1 ligne créée.


1 ligne créée.


1 ligne créée.


1 ligne créée.


1 ligne créée.


1 ligne créée.


1 ligne créée.


1 ligne créée.


1 ligne créée.


1 ligne créée.


1 ligne créée.


1 ligne créée.


1 ligne créée.


1 ligne créée.


1 ligne créée.


1 ligne créée.


1 ligne créée.


1 ligne créée.


1 ligne créée.


1 ligne créée.


1 ligne créée.


1 ligne créée.


1 ligne créée.


1 ligne créée.


1 ligne créée.


1 ligne créée.


1 ligne créée.


1 ligne créée.


1 ligne créée.


1 ligne créée.


1 ligne créée.


1 ligne créée.


1 ligne créée.

de la table Service_Agence

1 ligne créée.


1 ligne créée.


1 ligne créée.


1 ligne créée.


1 ligne créée.


1 ligne créée.


1 ligne créée.


1 ligne créée.


1 ligne créée.


1 ligne créée.


1 ligne créée.


1 ligne créée.


1 ligne créée.


1 ligne créée.


1 ligne créée.


1 ligne créée.


1 ligne créée.


1 ligne créée.


1 ligne créée.

de la table annonce

1 ligne créée.


1 ligne créée.


1 ligne créée.


1 ligne créée.


1 ligne créée.


1 ligne créée.


1 ligne créée.


1 ligne créée.


1 ligne créée.


1 ligne créée.

de la table offre

1 ligne créée.


1 ligne créée.


1 ligne créée.


1 ligne créée.


1 ligne créée.


1 ligne créée.


1 ligne créée.


1 ligne créée.


1 ligne créée.


1 ligne créée.


1 ligne créée.


1 ligne créée.


1 ligne créée.


1 ligne créée.


1 ligne créée.


1 ligne créée.


1 ligne créée.


1 ligne créée.


1 ligne créée.


1 ligne créée.


1 ligne créée.


1 ligne créée.


1 ligne créée.


1 ligne créée.


1 ligne créée.

de la table promotion

1 ligne créée.


1 ligne créée.

de la table client

1 ligne créée.


1 ligne créée.


1 ligne créée.


1 ligne créée.


1 ligne créée.


1 ligne créée.

de la table besoin

1 ligne créée.


1 ligne créée.


1 ligne créée.


1 ligne créée.


1 ligne créée.


1 ligne créée.

de la table Details_Besoin

1 ligne créée.


1 ligne créée.


1 ligne créée.


1 ligne créée.


1 ligne créée.


1 ligne créée.

de la table message

1 ligne créée.


1 ligne créée.


1 ligne créée.


1 ligne créée.


1 ligne créée.


1 ligne créée.

de la table commande

1 ligne créée.


1 ligne créée.


1 ligne créée.


1 ligne créée.


1 ligne créée.


1 ligne créée.

SQL> @Objets/Fonctionnalites/PLSQL/Agent/Consultation/PA_Consultation_Profil

Package créé.


Avertissement : Corps de package créé avec erreurs de compilation.

SQL> show errors
Erreurs pour PACKAGE BODY PA_CONSULTATION_AGENT :

LINE/COL ERROR
-------- -----------------------------------------------------------------
0/0      PL/SQL: Compilation unit analysis terminated
70/21    PLS-00201: l'identificateur 'LES_AGENCES' doit être déclaré
SQL> @Objets/Fonctionnalites/PLSQL/Agent/Consultation/PA_Consultation_Profil

Package créé.


Corps de package créé.

SQL> exit
